<?xml version="1.0" encoding="UTF-8"?>
<testsuite xmlns:xsi="http://www.w3.org/2001/XMLSchema-instance" xsi:noNamespaceSchemaLocation="https://maven.apache.org/surefire/maven-surefire-plugin/xsd/surefire-test-report-3.0.xsd" version="3.0" name="TestSuite" time="6.145" tests="14" errors="0" skipped="0" failures="0">
  <properties>
[...]
</properties>
  <testcase name="runScenario[&quot;Login with valid credentials&quot;, &quot;User Login&quot;](1)" classname="runner.TestRunner" time="0.088">
    <system-out><![CDATA[
@all @login @validcredentials @smoke @regression
Scenario Outline: Login with valid credentials                &amp#27;[90m# src/test/resources/features/Login.feature:16&amp#27;[0m
** Exegutation started for scenario- Login with valid credentials
++ Browser got launched and maximized  ++
++ Application URL got opened in the browser  ++
>> User has navigated to Login page
  &amp#27;[32mGiven &amp#27;[0m&amp#27;[32mUser navigates to Login page&amp#27;[0m                          &amp#27;[90m# stepdefinitions.Login.User_navigates_to_Login_page()&amp#27;[0m
>> User entred valid email address
  &amp#27;[32mWhen &amp#27;[0m&amp#27;[32mUser enters valid email address &amp#27;[0m&amp#27;[32m&amp#27;[1mamotooricap9@gmail.com&amp#27;[0m &amp#27;[90m# stepdefinitions.Login.User_enters_valid_email_address(java.lang.String)&amp#27;[0m
>> User has entered valid password
  &amp#27;[32mAnd &amp#27;[0m&amp#27;[32mEnters valid password &amp#27;[0m&amp#27;[32m&amp#27;[1m12345&amp#27;[0m                             &amp#27;[90m# stepdefinitions.Login.Enters_valid_password(java.lang.String)&amp#27;[0m
>> User has clicked on Login button
  &amp#27;[32mAnd &amp#27;[0m&amp#27;[32mClicks on Login button&amp#27;[0m                                  &amp#27;[90m# stepdefinitions.Login.Clicks_on_Login_button()&amp#27;[0m
>> User got logged in successfully
  &amp#27;[32mThen &amp#27;[0m&amp#27;[32mUser should login successfully&amp#27;[0m                         &amp#27;[90m# stepdefinitions.Login.User_should_login_successfully()&amp#27;[0m
-- Loggedout from the Application  --
-- Browser got closed  --
** Exegutation ended for scenario- Login with valid credentials
]]></system-out>
    <system-err><![CDATA[SLF4J: Failed to load class "org.slf4j.impl.StaticLoggerBinder".
SLF4J: Defaulting to no-operation (NOP) logger implementation
SLF4J: See http://www.slf4j.org/codes.html#StaticLoggerBinder for further details.
]]></system-err>
  </testcase>
  <testcase name="runScenario[&quot;Login with valid credentials&quot;, &quot;User Login&quot;](2)" classname="runner.TestRunner" time="0.01">
    <system-out><![CDATA[
@all @login @validcredentials @smoke @regression
Scenario Outline: Login with valid credentials                &amp#27;[90m# src/test/resources/features/Login.feature:17&amp#27;[0m
** Exegutation started for scenario- Login with valid credentials
++ Browser got launched and maximized  ++
++ Application URL got opened in the browser  ++
>> User has navigated to Login page
  &amp#27;[32mGiven &amp#27;[0m&amp#27;[32mUser navigates to Login page&amp#27;[0m                          &amp#27;[90m# stepdefinitions.Login.User_navigates_to_Login_page()&amp#27;[0m
>> User entred valid email address
  &amp#27;[32mWhen &amp#27;[0m&amp#27;[32mUser enters valid email address &amp#27;[0m&amp#27;[32m&amp#27;[1mamotooricap3@gmail.com&amp#27;[0m &amp#27;[90m# stepdefinitions.Login.User_enters_valid_email_address(java.lang.String)&amp#27;[0m
>> User has entered valid password
  &amp#27;[32mAnd &amp#27;[0m&amp#27;[32mEnters valid password &amp#27;[0m&amp#27;[32m&amp#27;[1m12345&amp#27;[0m                             &amp#27;[90m# stepdefinitions.Login.Enters_valid_password(java.lang.String)&amp#27;[0m
>> User has clicked on Login button
  &amp#27;[32mAnd &amp#27;[0m&amp#27;[32mClicks on Login button&amp#27;[0m                                  &amp#27;[90m# stepdefinitions.Login.Clicks_on_Login_button()&amp#27;[0m
>> User got logged in successfully
  &amp#27;[32mThen &amp#27;[0m&amp#27;[32mUser should login successfully&amp#27;[0m                         &amp#27;[90m# stepdefinitions.Login.User_should_login_successfully()&amp#27;[0m
-- Loggedout from the Application  --
-- Browser got closed  --
** Exegutation ended for scenario- Login with valid credentials
]]></system-out>
  </testcase>
  <testcase name="runScenario[&quot;Login with valid credentials&quot;, &quot;User Login&quot;](3)" classname="runner.TestRunner" time="0.019">
    <system-out><![CDATA[
@all @login @validcredentials @smoke @regression
Scenario Outline: Login with valid credentials                &amp#27;[90m# src/test/resources/features/Login.feature:18&amp#27;[0m
** Exegutation started for scenario- Login with valid credentials
++ Browser got launched and maximized  ++
++ Application URL got opened in the browser  ++
>> User has navigated to Login page
  &amp#27;[32mGiven &amp#27;[0m&amp#27;[32mUser navigates to Login page&amp#27;[0m                          &amp#27;[90m# stepdefinitions.Login.User_navigates_to_Login_page()&amp#27;[0m
>> User entred valid email address
  &amp#27;[32mWhen &amp#27;[0m&amp#27;[32mUser enters valid email address &amp#27;[0m&amp#27;[32m&amp#27;[1mamotooricap1@gmail.com&amp#27;[0m &amp#27;[90m# stepdefinitions.Login.User_enters_valid_email_address(java.lang.String)&amp#27;[0m
>> User has entered valid password
  &amp#27;[32mAnd &amp#27;[0m&amp#27;[32mEnters valid password &amp#27;[0m&amp#27;[32m&amp#27;[1m12345&amp#27;[0m                             &amp#27;[90m# stepdefinitions.Login.Enters_valid_password(java.lang.String)&amp#27;[0m
>> User has clicked on Login button
  &amp#27;[32mAnd &amp#27;[0m&amp#27;[32mClicks on Login button&amp#27;[0m                                  &amp#27;[90m# stepdefinitions.Login.Clicks_on_Login_button()&amp#27;[0m
>> User got logged in successfully
  &amp#27;[32mThen &amp#27;[0m&amp#27;[32mUser should login successfully&amp#27;[0m                         &amp#27;[90m# stepdefinitions.Login.User_should_login_successfully()&amp#27;[0m
-- Loggedout from the Application  --
-- Browser got closed  --
** Exegutation ended for scenario- Login with valid credentials
]]></system-out>
  </testcase>
  <testcase name="runScenario[&quot;Login with invalid credentials&quot;, &quot;User Login&quot;](4)" classname="runner.TestRunner" time="0.009">
    <system-out><![CDATA[
@all @login @invalidcredentials @smoke @regression
Scenario: Login with invalid credentials                      &amp#27;[90m# src/test/resources/features/Login.feature:21&amp#27;[0m
** Exegutation started for scenario- Login with invalid credentials
++ Browser got launched and maximized  ++
++ Application URL got opened in the browser  ++
>> User has navigated to Login page
  &amp#27;[32mGiven &amp#27;[0m&amp#27;[32mUser navigates to Login page&amp#27;[0m                          &amp#27;[90m# stepdefinitions.Login.User_navigates_to_Login_page()&amp#27;[0m
>> User has entred invalid email address
  &amp#27;[32mWhen &amp#27;[0m&amp#27;[32mUser enters invalid email address "&amp#27;[0m&amp#27;[32m&amp#27;[1msaimadhu@gmail.com&amp#27;[0m&amp#27;[32m"&amp#27;[0m &amp#27;[90m# stepdefinitions.Login.User_enters_invalid_email_address(java.lang.String)&amp#27;[0m
>> User has entred invalid password
  &amp#27;[32mAnd &amp#27;[0m&amp#27;[32mEnters invalid password "&amp#27;[0m&amp#27;[32m&amp#27;[1m1234567890&amp#27;[0m&amp#27;[32m"&amp#27;[0m                    &amp#27;[90m# stepdefinitions.Login.Enters_invalid_password(java.lang.String)&amp#27;[0m
>> User has clicked on Login button
  &amp#27;[32mAnd &amp#27;[0m&amp#27;[32mClicks on Login button&amp#27;[0m                                  &amp#27;[90m# stepdefinitions.Login.Clicks_on_Login_button()&amp#27;[0m
>> Proper warning message got displayed to the User
  &amp#27;[32mThen &amp#27;[0m&amp#27;[32mUser should get a proper warning message&amp#27;[0m               &amp#27;[90m# stepdefinitions.Login.User_should_get_a_proper_warning_message()&amp#27;[0m
-- Loggedout from the Application  --
-- Browser got closed  --
** Exegutation ended for scenario- Login with invalid credentials
]]></system-out>
  </testcase>
  <testcase name="runScenario[&quot;Login with valid email address and invalid password&quot;, &quot;User Login&quot;](5)" classname="runner.TestRunner" time="0.014">
    <system-out><![CDATA[
@all @login @validemailandinvalidpassword @regression
Scenario: Login with valid email address and invalid password   &amp#27;[90m# src/test/resources/features/Login.feature:28&amp#27;[0m
** Exegutation started for scenario- Login with valid email address and invalid password
++ Browser got launched and maximized  ++
++ Application URL got opened in the browser  ++
>> User has navigated to Login page
  &amp#27;[32mGiven &amp#27;[0m&amp#27;[32mUser navigates to Login page&amp#27;[0m                            &amp#27;[90m# stepdefinitions.Login.User_navigates_to_Login_page()&amp#27;[0m
>> User entred valid email address
  &amp#27;[32mWhen &amp#27;[0m&amp#27;[32mUser enters valid email address &amp#27;[0m&amp#27;[32m&amp#27;[1m"amotooricap9@gmail.com"&amp#27;[0m &amp#27;[90m# stepdefinitions.Login.User_enters_valid_email_address(java.lang.String)&amp#27;[0m
>> User has entred invalid password
  &amp#27;[32mAnd &amp#27;[0m&amp#27;[32mEnters invalid password "&amp#27;[0m&amp#27;[32m&amp#27;[1m1234567890&amp#27;[0m&amp#27;[32m"&amp#27;[0m                      &amp#27;[90m# stepdefinitions.Login.Enters_invalid_password(java.lang.String)&amp#27;[0m
>> User has clicked on Login button
  &amp#27;[32mAnd &amp#27;[0m&amp#27;[32mClicks on Login button&amp#27;[0m                                    &amp#27;[90m# stepdefinitions.Login.Clicks_on_Login_button()&amp#27;[0m
>> Proper warning message got displayed to the User
  &amp#27;[32mThen &amp#27;[0m&amp#27;[32mUser should get a proper warning message&amp#27;[0m                 &amp#27;[90m# stepdefinitions.Login.User_should_get_a_proper_warning_message()&amp#27;[0m
-- Loggedout from the Application  --
-- Browser got closed  --
** Exegutation ended for scenario- Login with valid email address and invalid password
]]></system-out>
  </testcase>
  <testcase name="runScenario[&quot;Login with invalid email address and valid password&quot;, &quot;User Login&quot;](6)" classname="runner.TestRunner" time="0.016">
    <system-out><![CDATA[
@all @login @invalidemailandvalidpassword @regression
Scenario: Login with invalid email address and valid password &amp#27;[90m# src/test/resources/features/Login.feature:35&amp#27;[0m
** Exegutation started for scenario- Login with invalid email address and valid password
++ Browser got launched and maximized  ++
++ Application URL got opened in the browser  ++
>> User has navigated to Login page
  &amp#27;[32mGiven &amp#27;[0m&amp#27;[32mUser navigates to Login page&amp#27;[0m                          &amp#27;[90m# stepdefinitions.Login.User_navigates_to_Login_page()&amp#27;[0m
>> User has entred invalid email address
  &amp#27;[32mWhen &amp#27;[0m&amp#27;[32mUser enters invalid email address "&amp#27;[0m&amp#27;[32m&amp#27;[1msaimadhu@gmail.com&amp#27;[0m&amp#27;[32m"&amp#27;[0m &amp#27;[90m# stepdefinitions.Login.User_enters_invalid_email_address(java.lang.String)&amp#27;[0m
>> User has entered valid password
  &amp#27;[32mAnd &amp#27;[0m&amp#27;[32mEnters valid password &amp#27;[0m&amp#27;[32m&amp#27;[1m"12345"&amp#27;[0m                           &amp#27;[90m# stepdefinitions.Login.Enters_valid_password(java.lang.String)&amp#27;[0m
>> User has clicked on Login button
  &amp#27;[32mAnd &amp#27;[0m&amp#27;[32mClicks on Login button&amp#27;[0m                                  &amp#27;[90m# stepdefinitions.Login.Clicks_on_Login_button()&amp#27;[0m
>> Proper warning message got displayed to the User
  &amp#27;[32mThen &amp#27;[0m&amp#27;[32mUser should get a proper warning message&amp#27;[0m               &amp#27;[90m# stepdefinitions.Login.User_should_get_a_proper_warning_message()&amp#27;[0m
-- Loggedout from the Application  --
-- Browser got closed  --
** Exegutation ended for scenario- Login with invalid email address and valid password
]]></system-out>
  </testcase>
  <testcase name="runScenario[&quot;Login without providing any credentials&quot;, &quot;User Login&quot;](7)" classname="runner.TestRunner" time="0.02">
    <system-out><![CDATA[
@all @login @nocredentials @regression
Scenario: Login without providing any credentials &amp#27;[90m# src/test/resources/features/Login.feature:42&amp#27;[0m
** Exegutation started for scenario- Login without providing any credentials
++ Browser got launched and maximized  ++
++ Application URL got opened in the browser  ++
>> User has navigated to Login page
  &amp#27;[32mGiven &amp#27;[0m&amp#27;[32mUser navigates to Login page&amp#27;[0m              &amp#27;[90m# stepdefinitions.Login.User_navigates_to_Login_page()&amp#27;[0m
>> User has not entered any credentials
  &amp#27;[32mWhen &amp#27;[0m&amp#27;[32mUser dont enter any credentials&amp#27;[0m            &amp#27;[90m# stepdefinitions.Login.User_dont_enter_any_credentials()&amp#27;[0m
>> User has clicked on Login button
  &amp#27;[32mAnd &amp#27;[0m&amp#27;[32mClicks on Login button&amp#27;[0m                      &amp#27;[90m# stepdefinitions.Login.Clicks_on_Login_button()&amp#27;[0m
>> Proper warning message got displayed to the User
  &amp#27;[32mThen &amp#27;[0m&amp#27;[32mUser should get a proper warning message&amp#27;[0m   &amp#27;[90m# stepdefinitions.Login.User_should_get_a_proper_warning_message()&amp#27;[0m
-- Loggedout from the Application  --
-- Browser got closed  --
** Exegutation ended for scenario- Login without providing any credentials
]]></system-out>
  </testcase>
  <testcase name="runScenario[&quot;Register with mandatory fields&quot;, &quot;User Registeration&quot;](8)" classname="runner.TestRunner" time="0.022">
    <system-out><![CDATA[
@all @register @mandatoryfields @smoke @regression
Scenario: Register with mandatory fields         &amp#27;[90m# src/test/resources/features/Register.feature:9&amp#27;[0m
** Exegutation started for scenario- Register with mandatory fields
++ Browser got launched and maximized  ++
++ Application URL got opened in the browser  ++
>> User got navigated to register account page
  &amp#27;[32mGiven &amp#27;[0m&amp#27;[32mUser navigates to Register Account page&amp#27;[0m  &amp#27;[90m# stepdefinitions.Register.User_navigates_to_Register_Account_page()&amp#27;[0m
User has entered firstname name as Arun
User has entered lastname name as Motoori
User has entered emailaddress as amotooricap9@gmail.com
User has entered telephone as 1234567890
User has entered password as 12345
  &amp#27;[32mWhen &amp#27;[0m&amp#27;[32mUser entres below details into the fields&amp#27;[0m &amp#27;[90m# stepdefinitions.Register.User_entres_below_details_into_the_fields(io.cucumber.datatable.DataTable)&amp#27;[0m
    | firstname    | Arun                   |
    | lastname     | Motoori                |
    | emailaddress | amotooricap9@gmail.com |
    | telephone    | 1234567890             |
    | password     | 12345                  |
>> User has selected the privacy policy field
  &amp#27;[32mAnd &amp#27;[0m&amp#27;[32mSelects Privacy Policy field&amp#27;[0m               &amp#27;[90m# stepdefinitions.Register.selects_privacy_policy_field()&amp#27;[0m
>> User has clicked on continue button
  &amp#27;[32mAnd &amp#27;[0m&amp#27;[32mClicks on Continue button&amp#27;[0m                  &amp#27;[90m# stepdefinitions.Register.clicks_on_continue_button()&amp#27;[0m
>> User account got succesfully created
  &amp#27;[32mThen &amp#27;[0m&amp#27;[32mAccount should get Successfully created&amp#27;[0m   &amp#27;[90m# stepdefinitions.Register.account_should_get_successfully_created()&amp#27;[0m
-- Loggedout from the Application  --
-- Browser got closed  --
** Exegutation ended for scenario- Register with mandatory fields
]]></system-out>
  </testcase>
  <testcase name="runScenario[&quot;Register with All fields&quot;, &quot;User Registeration&quot;](9)" classname="runner.TestRunner" time="0.012">
    <system-out><![CDATA[
@all @register @allfields @smoke @regression
Scenario: Register with All fields               &amp#27;[90m# src/test/resources/features/Register.feature:21&amp#27;[0m
** Exegutation started for scenario- Register with All fields
++ Browser got launched and maximized  ++
++ Application URL got opened in the browser  ++
>> User got navigated to register account page
  &amp#27;[32mGiven &amp#27;[0m&amp#27;[32mUser navigates to Register Account page&amp#27;[0m  &amp#27;[90m# stepdefinitions.Register.User_navigates_to_Register_Account_page()&amp#27;[0m
User has entered firstname name as Arun
User has entered lastname name as Motoori
User has entered emailaddress as amotooricap9@gmail.com
User has entered telephone as 1234567890
User has entered password as 12345
  &amp#27;[32mWhen &amp#27;[0m&amp#27;[32mUser entres below details into the fields&amp#27;[0m &amp#27;[90m# stepdefinitions.Register.User_entres_below_details_into_the_fields(io.cucumber.datatable.DataTable)&amp#27;[0m
    | firstname    | Arun                   |
    | lastname     | Motoori                |
    | emailaddress | amotooricap9@gmail.com |
    | telephone    | 1234567890             |
    | password     | 12345                  |
>> User has selected Yes for Newsletter
  &amp#27;[32mAnd &amp#27;[0m&amp#27;[32mSelects Yes for Newsletters&amp#27;[0m                &amp#27;[90m# stepdefinitions.Register.selects_yes_for_newsletters()&amp#27;[0m
>> User has selected the privacy policy field
  &amp#27;[32mAnd &amp#27;[0m&amp#27;[32mSelects Privacy Policy field&amp#27;[0m               &amp#27;[90m# stepdefinitions.Register.selects_privacy_policy_field()&amp#27;[0m
>> User has clicked on continue button
  &amp#27;[32mAnd &amp#27;[0m&amp#27;[32mClicks on Continue button&amp#27;[0m                  &amp#27;[90m# stepdefinitions.Register.clicks_on_continue_button()&amp#27;[0m
>> User account got succesfully created
  &amp#27;[32mThen &amp#27;[0m&amp#27;[32mAccount should get Successfully created&amp#27;[0m   &amp#27;[90m# stepdefinitions.Register.account_should_get_successfully_created()&amp#27;[0m
-- Loggedout from the Application  --
-- Browser got closed  --
** Exegutation ended for scenario- Register with All fields
]]></system-out>
  </testcase>
  <testcase name="runScenario[&quot;Register without providing any fields&quot;, &quot;User Registeration&quot;](10)" classname="runner.TestRunner" time="0.013">
    <system-out><![CDATA[
@all @register @nodetails @regression
Scenario: Register without providing any fields                            &amp#27;[90m# src/test/resources/features/Register.feature:34&amp#27;[0m
** Exegutation started for scenario- Register without providing any fields
++ Browser got launched and maximized  ++
++ Application URL got opened in the browser  ++
>> User got navigated to register account page
  &amp#27;[32mGiven &amp#27;[0m&amp#27;[32mUser navigates to Register Account page&amp#27;[0m                            &amp#27;[90m# stepdefinitions.Register.User_navigates_to_Register_Account_page()&amp#27;[0m
>> User has kept all the fields blank
  &amp#27;[32mWhen &amp#27;[0m&amp#27;[32mUser dont enter details into any fields&amp#27;[0m                             &amp#27;[90m# stepdefinitions.Register.user_dont_enter_details_into_any_fields()&amp#27;[0m
>> User has clicked on Continue button
  &amp#27;[32mAnd &amp#27;[0m&amp#27;[32mClick on Continue button&amp#27;[0m                                             &amp#27;[90m# stepdefinitions.Register.click_on_continue_button()&amp#27;[0m
>> Warning messages under all the mandatory fields displayed
  &amp#27;[32mThen &amp#27;[0m&amp#27;[32mWarning messages should be displayed under all the mandatory fields&amp#27;[0m &amp#27;[90m# stepdefinitions.Register.warning_messages_should_be_displayed_under_all_the_mandatory_fields()&amp#27;[0m
-- Loggedout from the Application  --
-- Browser got closed  --
** Exegutation ended for scenario- Register without providing any fields
]]></system-out>
  </testcase>
  <testcase name="runScenario[&quot;Register with duplicate email address&quot;, &quot;User Registeration&quot;](11)" classname="runner.TestRunner" time="0.022">
    <system-out><![CDATA[
@all @register @duplicateemail @regression
Scenario: Register with duplicate email address                                       &amp#27;[90m# src/test/resources/features/Register.feature:40&amp#27;[0m
** Exegutation started for scenario- Register with duplicate email address
++ Browser got launched and maximized  ++
++ Application URL got opened in the browser  ++
>> User got navigated to register account page
  &amp#27;[32mGiven &amp#27;[0m&amp#27;[32mUser navigates to Register Account page&amp#27;[0m                                       &amp#27;[90m# stepdefinitions.Register.User_navigates_to_Register_Account_page()&amp#27;[0m
User has entered firstname name as Arun
User has entered lastname name as Motoori
User has entered emailaddress as amotooricap9@gmail.com
User has entered telephone as 1234567890
User has entered password as 12345
  &amp#27;[32mWhen &amp#27;[0m&amp#27;[32mUser entres below details into the fields&amp#27;[0m                                      &amp#27;[90m# stepdefinitions.Register.User_entres_below_details_into_the_fields(io.cucumber.datatable.DataTable)&amp#27;[0m
    | firstname    | Arun                   |
    | lastname     | Motoori                |
    | emailaddress | amotooricap9@gmail.com |
    | telephone    | 1234567890             |
    | password     | 12345                  |
>> User has selected Yes for Newsletter
  &amp#27;[32mAnd &amp#27;[0m&amp#27;[32mSelects Yes for Newsletters&amp#27;[0m                                                     &amp#27;[90m# stepdefinitions.Register.selects_yes_for_newsletters()&amp#27;[0m
>> User has selected the privacy policy field
  &amp#27;[32mAnd &amp#27;[0m&amp#27;[32mSelects Privacy Policy field&amp#27;[0m                                                    &amp#27;[90m# stepdefinitions.Register.selects_privacy_policy_field()&amp#27;[0m
>> User has clicked on continue button
  &amp#27;[32mAnd &amp#27;[0m&amp#27;[32mClicks on Continue button&amp#27;[0m                                                       &amp#27;[90m# stepdefinitions.Register.clicks_on_continue_button()&amp#27;[0m
>> Warning message informing the User about duplicate email is displayed
  &amp#27;[32mThen &amp#27;[0m&amp#27;[32mWarning message informating the user about duplicate email should be displayed&amp#27;[0m &amp#27;[90m# stepdefinitions.Register.warning_message_informating_the_user_about_duplicate_email_should_be_displayed()&amp#27;[0m
-- Loggedout from the Application  --
-- Browser got closed  --
** Exegutation ended for scenario- Register with duplicate email address
]]></system-out>
  </testcase>
  <testcase name="runScenario[&quot;Search for a valid product&quot;, &quot;Search functionality&quot;](12)" classname="runner.TestRunner" time="0.004">
    <system-out><![CDATA[
@all @Search @validproduct @smoke @regression
Scenario: Search for a valid product                         &amp#27;[90m# src/test/resources/features/Search.feature:8&amp#27;[0m
** Exegutation started for scenario- Search for a valid product
++ Browser got launched and maximized  ++
++ Application URL got opened in the browser  ++
>> Application got opned
  &amp#27;[32mGiven &amp#27;[0m&amp#27;[32mUser opens the application&amp#27;[0m                           &amp#27;[90m# stepdefinitions.Search.user_opens_the_application()&amp#27;[0m
>> Valid product got enterted into search field
  &amp#27;[32mWhen &amp#27;[0m&amp#27;[32mUser entered valid product into Search field&amp#27;[0m          &amp#27;[90m# stepdefinitions.Search.user_entered_valid_product_into_search_field()&amp#27;[0m
>> User clicked on search button
  &amp#27;[32mAnd &amp#27;[0m&amp#27;[32mUser click on search button&amp#27;[0m                            &amp#27;[90m# stepdefinitions.Search.user_click_on_search_button()&amp#27;[0m
>> Valid product got displayed in search reasults
  &amp#27;[32mThen &amp#27;[0m&amp#27;[32mValid product should get displayed in search reasults&amp#27;[0m &amp#27;[90m# stepdefinitions.Search.valid_product_should_get_displayed_in_search_reasults()&amp#27;[0m
-- Loggedout from the Application  --
-- Browser got closed  --
** Exegutation ended for scenario- Search for a valid product
]]></system-out>
  </testcase>
  <testcase name="runScenario[&quot;Search for a non-existing product&quot;, &quot;Search functionality&quot;](13)" classname="runner.TestRunner" time="0.008">
    <system-out><![CDATA[
@all @Search @nonexistingproduct @regression
Scenario: Search for a non-existing product                                                 &amp#27;[90m# src/test/resources/features/Search.feature:14&amp#27;[0m
** Exegutation started for scenario- Search for a non-existing product
++ Browser got launched and maximized  ++
++ Application URL got opened in the browser  ++
>> Application got opned
  &amp#27;[32mGiven &amp#27;[0m&amp#27;[32mUser opens the application&amp#27;[0m                                                          &amp#27;[90m# stepdefinitions.Search.user_opens_the_application()&amp#27;[0m
>> Non-existing product got entred into search field
  &amp#27;[32mWhen &amp#27;[0m&amp#27;[32mUser enters non-existing product into search field&amp#27;[0m                                   &amp#27;[90m# stepdefinitions.Search.user_enters_non_existing_product_into_search_field()&amp#27;[0m
>> User clicked on search button
  &amp#27;[32mAnd &amp#27;[0m&amp#27;[32mUser click on search button&amp#27;[0m                                                           &amp#27;[90m# stepdefinitions.Search.user_click_on_search_button()&amp#27;[0m
>> No product matching message  got displayed
  &amp#27;[32mThen &amp#27;[0m&amp#27;[32mProper text informing the user that there is no product matching should be displayed&amp#27;[0m &amp#27;[90m# stepdefinitions.Search.proper_text_informing_the_user_that_there_is_no_product_matching_should_be_displayed()&amp#27;[0m
-- Loggedout from the Application  --
-- Browser got closed  --
** Exegutation ended for scenario- Search for a non-existing product
]]></system-out>
  </testcase>
  <testcase name="runScenario[&quot;Search without providing any product&quot;, &quot;Search functionality&quot;](14)" classname="runner.TestRunner" time="0.017">
    <system-out><![CDATA[
@all @Search @noproduct @regression
Scenario: Search without providing any product                                              &amp#27;[90m# src/test/resources/features/Search.feature:20&amp#27;[0m
** Exegutation started for scenario- Search without providing any product
++ Browser got launched and maximized  ++
++ Application URL got opened in the browser  ++
>> Application got opned
  &amp#27;[32mGiven &amp#27;[0m&amp#27;[32mUser opens the application&amp#27;[0m                                                          &amp#27;[90m# stepdefinitions.Search.user_opens_the_application()&amp#27;[0m
>> No product is entred into search field
  &amp#27;[32mWhen &amp#27;[0m&amp#27;[32mUser dont enter any product into search field&amp#27;[0m                                        &amp#27;[90m# stepdefinitions.Search.user_dont_enter_any_product_into_search_field()&amp#27;[0m
>> User clicked on search button
  &amp#27;[32mAnd &amp#27;[0m&amp#27;[32mUser click on search button&amp#27;[0m                                                           &amp#27;[90m# stepdefinitions.Search.user_click_on_search_button()&amp#27;[0m
>> No product matching message  got displayed
  &amp#27;[32mThen &amp#27;[0m&amp#27;[32mProper text informing the user that there is no product matching should be displayed&amp#27;[0m &amp#27;[90m# stepdefinitions.Search.proper_text_informing_the_user_that_there_is_no_product_matching_should_be_displayed()&amp#27;[0m
-- Loggedout from the Application  --
-- Browser got closed  --
** Exegutation ended for scenario- Search without providing any product
]]></system-out>
  </testcase>
</testsuite>