<?xml version="1.0" encoding="UTF-8"?>
<testsuite xmlns:xsi="http://www.w3.org/2001/XMLSchema-instance" xsi:noNamespaceSchemaLocation="https://maven.apache.org/surefire/maven-surefire-plugin/xsd/surefire-test-report.xsd" name="runner.TestRunner" time="16.085" tests="14" errors="0" skipped="0" failures="0">
  <properties>
[...]
</properties>
  <testcase name="runScenario" classname="runner.TestRunner" time="0.085"/>
  <testcase name="runScenario" classname="runner.TestRunner" time="0.032"/>
  <testcase name="runScenario" classname="runner.TestRunner" time="0.021"/>
  <testcase name="runScenario" classname="runner.TestRunner" time="0.021"/>
  <testcase name="runScenario" classname="runner.TestRunner" time="0.013"/>
  <testcase name="runScenario" classname="runner.TestRunner" time="0.016"/>
  <testcase name="runScenario" classname="runner.TestRunner" time="0.018"/>
  <testcase name="runScenario" classname="runner.TestRunner" time="0.037"/>
  <testcase name="runScenario" classname="runner.TestRunner" time="0.014"/>
  <testcase name="runScenario" classname="runner.TestRunner" time="0.015"/>
  <testcase name="runScenario" classname="runner.TestRunner" time="0.015"/>
  <testcase name="runScenario" classname="runner.TestRunner" time="0.012"/>
  <testcase name="runScenario" classname="runner.TestRunner" time="0.015"/>
  <testcase name="runScenario" classname="runner.TestRunner" time="0.016"/>
</testsuite>